[NX v23.0.1 Daemon Client] - 2026-07-04T06:15:29.668Z - [Client] Starting new daemon server in background
[NX v23.0.1 Daemon Client] - 2026-07-04T06:15:29.673Z - [Client] Waiting for server (max: 6000 attempts, 10ms interval)
[NX v23.0.1 Daemon Server] - 2026-07-04T06:15:30.623Z - New daemon starting from: /Users/dnyaneshwargiri/Desktop/workspace/todo-monorepo-nx/node_modules/.pnpm/nx@23.0.1/node_modules/nx/dist/src/daemon/server/server.js
[NX v23.0.1 Daemon Server] - 2026-07-04T06:15:30.624Z - New daemon __dirname: /Users/dnyaneshwargiri/Desktop/workspace/todo-monorepo-nx/node_modules/.pnpm/nx@23.0.1/node_modules/nx/dist/src/daemon/server
[NX v23.0.1 Daemon Server] - 2026-07-04T06:15:30.624Z - New daemon nxVersion: 23.0.1
[NX v23.0.1 Daemon Server] - 2026-07-04T06:15:30.625Z - New daemon getInstalledNxVersion(): 23.0.1
[NX v23.0.1 Daemon Server] - 2026-07-04T06:15:30.637Z - Time taken for 'workspace context init' 18.08841700000005ms
[NX v23.0.1 Daemon Server] - 2026-07-04T06:15:30.639Z - [Server] Starting outdated check interval (20ms)
[NX v23.0.1 Daemon Server] - 2026-07-04T06:15:30.641Z - Started listening on: /private/tmp/1f1163340620e322df4f/d.sock
DEBUG nx::native::watch::watcher: watching started origin=/Users/dnyaneshwargiri/Desktop/workspace/todo-monorepo-nx
[NX v23.0.1 Daemon Server] - 2026-07-04T06:15:30.646Z - [WATCHER]: Subscribed to changes within: /Users/dnyaneshwargiri/Desktop/workspace/todo-monorepo-nx (native)
DEBUG nx::native::watch::watcher: watching started origin=/Users/dnyaneshwargiri/Desktop/workspace/todo-monorepo-nx
[NX v23.0.1 Daemon Server] - 2026-07-04T06:15:30.649Z - [LATEST-NX]: Pulling latest Nx...
[NX v23.0.1 Daemon Client] - 2026-07-04T06:15:30.651Z - [Client] Server available
[NX v23.0.1 Daemon Client] - 2026-07-04T06:15:30.651Z - [Client] Daemon server started, pid=14747
[NX v23.0.1 Daemon Client] - 2026-07-04T06:15:30.652Z - [Messenger] Setting up socket listeners
[NX v23.0.1 Daemon Client] - 2026-07-04T06:15:30.652Z - [Messenger] listen() complete
[NX v23.0.1 Daemon Server] - 2026-07-04T06:15:30.653Z - [AI-AGENTS]: Starting agent configuration status computation
[isolated-plugin] spawned worker for "/Users/dnyaneshwargiri/Desktop/workspace/todo-monorepo-nx/node_modules/.pnpm/nx@23.0.1/node_modules/nx/dist/src/plugins/js" (pid: 14749, socket: /private/tmp/plugin14747-0-917.259583.sock)
[isolated-plugin] spawned worker for "/Users/dnyaneshwargiri/Desktop/workspace/todo-monorepo-nx/node_modules/.pnpm/nx@23.0.1/node_modules/nx/dist/src/plugins/package-json" (pid: 14750, socket: /private/tmp/plugin14747-1-925.305583.sock)
[isolated-plugin] spawned worker for "/Users/dnyaneshwargiri/Desktop/workspace/todo-monorepo-nx/node_modules/.pnpm/nx@23.0.1/node_modules/nx/dist/src/plugins/project-json/build-nodes/project-json" (pid: 14751, socket: /private/tmp/plugin14747-2-926.366625.sock)
[NX v23.0.1 Daemon Server] - 2026-07-04T06:15:30.667Z - Time taken for 'loadSpecifiedNxPlugins' 14.090374999999995ms
[NX v23.0.1 Daemon Server] - 2026-07-04T06:15:30.669Z - Established a connection. Number of open connections: 1
[NX v23.0.1 Daemon Server] - 2026-07-04T06:15:30.670Z - Established a connection. Number of open connections: 2
[NX v23.0.1 Daemon Client] - 2026-07-04T06:15:30.670Z - [Messenger] Sending message type: REQUEST_PROJECT_GRAPH
[NX v23.0.1 Daemon Client] - 2026-07-04T06:15:30.670Z - [Messenger] Message sent
[NX v23.0.1 Daemon Server] - 2026-07-04T06:15:30.671Z - Closed a connection. Number of open connections: 1
[NX v23.0.1 Daemon Server] - 2026-07-04T06:15:30.674Z - Received raw message of length 3656
[NX v23.0.1 Daemon Server] - 2026-07-04T06:15:30.674Z - Received json message of type REQUEST_PROJECT_GRAPH
[NX v23.0.1 Daemon Server] - 2026-07-04T06:15:30.674Z - [REQUEST]: Client Request for Project Graph Received
DEBUG nx::native::watch::watcher: force-flush END count=0 replies=1 elapsed=6.596333ms
[NX v23.0.1 Daemon Server] - 2026-07-04T06:15:30.682Z - Reusing in-memory cached project graph because no files changed.
DEBUG nx::native::watch::watcher: idle-window emitting events count=1
DEBUG nx::native::watch::watcher:   [create] .nx/workspace-data/d/server-process.json
[NX v23.0.1 Daemon Server] - 2026-07-04T06:15:30.755Z - [WATCHER]: Processing file changes in outputs
[plugin-worker] "/Users/dnyaneshwargiri/Desktop/workspace/todo-monorepo-nx/node_modules/.pnpm/nx@23.0.1/node_modules/nx/dist/src/plugins/js" (pid: 14749) listening on /private/tmp/plugin14747-0-917.259583.sock
Time taken for 'plugin worker 14749 code loading' 125.54924999999999ms
[plugin-worker] "/Users/dnyaneshwargiri/Desktop/workspace/todo-monorepo-nx/node_modules/.pnpm/nx@23.0.1/node_modules/nx/dist/src/plugins/project-json/build-nodes/project-json" (pid: 14751) listening on /private/tmp/plugin14747-2-926.366625.sock
[plugin-worker] "/Users/dnyaneshwargiri/Desktop/workspace/todo-monorepo-nx/node_modules/.pnpm/nx@23.0.1/node_modules/nx/dist/src/plugins/package-json" (pid: 14750) listening on /private/tmp/plugin14747-1-925.305583.sock
Time taken for 'plugin worker 14751 code loading' 126.414792ms
Time taken for 'plugin worker 14750 code loading' 125.770583ms
[isolated-plugin] connected to worker for "/Users/dnyaneshwargiri/Desktop/workspace/todo-monorepo-nx/node_modules/.pnpm/nx@23.0.1/node_modules/nx/dist/src/plugins/package-json" (pid: 14750)
[isolated-plugin] connected to worker for "/Users/dnyaneshwargiri/Desktop/workspace/todo-monorepo-nx/node_modules/.pnpm/nx@23.0.1/node_modules/nx/dist/src/plugins/project-json/build-nodes/project-json" (pid: 14751)
[isolated-plugin] connected to worker for "/Users/dnyaneshwargiri/Desktop/workspace/todo-monorepo-nx/node_modules/.pnpm/nx@23.0.1/node_modules/nx/dist/src/plugins/js" (pid: 14749)
[NX v23.0.1 Daemon Server] - 2026-07-04T06:15:30.881Z - Time taken for 'start-plugin-worker:/Users/dnyaneshwargiri/Desktop/workspace/todo-monorepo-nx/node_modules/.pnpm/nx@23.0.1/node_modules/nx/dist/src/plugins/js' 228.40266699999995ms
[NX v23.0.1 Daemon Server] - 2026-07-04T06:15:30.882Z - Time taken for 'start-plugin-worker:/Users/dnyaneshwargiri/Desktop/workspace/todo-monorepo-nx/node_modules/.pnpm/nx@23.0.1/node_modules/nx/dist/src/plugins/package-json' 219.40654099999995ms
[NX v23.0.1 Daemon Server] - 2026-07-04T06:15:30.882Z - Time taken for 'start-plugin-worker:/Users/dnyaneshwargiri/Desktop/workspace/todo-monorepo-nx/node_modules/.pnpm/nx@23.0.1/node_modules/nx/dist/src/plugins/project-json/build-nodes/project-json' 218.96691699999997ms
[plugin-worker] "/Users/dnyaneshwargiri/Desktop/workspace/todo-monorepo-nx/node_modules/.pnpm/nx@23.0.1/node_modules/nx/dist/src/plugins/package-json" (pid: 14750) connected
[plugin-worker] "/Users/dnyaneshwargiri/Desktop/workspace/todo-monorepo-nx/node_modules/.pnpm/nx@23.0.1/node_modules/nx/dist/src/plugins/project-json/build-nodes/project-json" (pid: 14751) connected
[plugin-worker] "/Users/dnyaneshwargiri/Desktop/workspace/todo-monorepo-nx/node_modules/.pnpm/nx@23.0.1/node_modules/nx/dist/src/plugins/js" (pid: 14749) connected
[plugin-worker] "/Users/dnyaneshwargiri/Desktop/workspace/todo-monorepo-nx/node_modules/.pnpm/nx@23.0.1/node_modules/nx/dist/src/plugins/package-json" (pid: 14750) loaded successfully
[NX v23.0.1 Daemon Server] - 2026-07-04T06:15:30.975Z - Time taken for 'Load Nx Plugin: /Users/dnyaneshwargiri/Desktop/workspace/todo-monorepo-nx/node_modules/.pnpm/nx@23.0.1/node_modules/nx/dist/src/plugins/package-json' 325.93120899999997ms
[plugin-worker] "/Users/dnyaneshwargiri/Desktop/workspace/todo-monorepo-nx/node_modules/.pnpm/nx@23.0.1/node_modules/nx/dist/src/plugins/project-json/build-nodes/project-json" (pid: 14751) loaded successfully
[NX v23.0.1 Daemon Server] - 2026-07-04T06:15:30.977Z - Time taken for 'Load Nx Plugin: /Users/dnyaneshwargiri/Desktop/workspace/todo-monorepo-nx/node_modules/.pnpm/nx@23.0.1/node_modules/nx/dist/src/plugins/project-json/build-nodes/project-json' 328.5468330000001ms
[plugin-worker] "/Users/dnyaneshwargiri/Desktop/workspace/todo-monorepo-nx/node_modules/.pnpm/nx@23.0.1/node_modules/nx/dist/src/plugins/js" (pid: 14749) loaded successfully
[NX v23.0.1 Daemon Server] - 2026-07-04T06:15:30.988Z - [REQUEST]: Updated workspace context based on watched changes, recomputing project graph...
[NX v23.0.1 Daemon Server] - 2026-07-04T06:15:30.988Z - [REQUEST]: 
[NX v23.0.1 Daemon Server] - 2026-07-04T06:15:30.988Z - [REQUEST]: 
[NX v23.0.1 Daemon Server] - 2026-07-04T06:15:30.990Z - Streaming message to client: progress update for topic graph-construction
[NX v23.0.1 Daemon Client] - 2026-07-04T06:15:30.990Z - [Messenger] Received message, length: 47
[NX v23.0.1 Daemon Server] - 2026-07-04T06:15:30.991Z - Time taken for 'loadDefaultNxPlugins' 339.7115ms
[NX v23.0.1 Daemon Server] - 2026-07-04T06:15:30.991Z - Time taken for 'Load Nx Plugin: /Users/dnyaneshwargiri/Desktop/workspace/todo-monorepo-nx/node_modules/.pnpm/nx@23.0.1/node_modules/nx/dist/src/plugins/js' 339.5579170000001ms
[NX v23.0.1 Daemon Server] - 2026-07-04T06:15:30.991Z - Time taken for 'hash changed files from watcher' 0.08187500000008185ms
[isolated-plugin] shutting down worker for "nx/core/project-json" after createNodes
[NX v23.0.1 Daemon Server] - 2026-07-04T06:15:30.992Z - Streaming message to client: progress update for topic graph-construction
[NX v23.0.1 Daemon Client] - 2026-07-04T06:15:30.992Z - [Messenger] Received message, length: 153
Time taken for 'nx/js/dependencies-and-lockfile:createNodes' 23.770832999999982ms
[NX v23.0.1 Daemon Server] - 2026-07-04T06:15:31.018Z - Streaming message to client: progress update for topic graph-construction
[NX v23.0.1 Daemon Client] - 2026-07-04T06:15:31.018Z - [Messenger] Received message, length: 101
[isolated-plugin] shutting down worker for "nx/core/package-json" after createNodes
[NX v23.0.1 Daemon Server] - 2026-07-04T06:15:31.602Z - Streaming message to client: progress update for topic graph-construction
[NX v23.0.1 Daemon Client] - 2026-07-04T06:15:31.602Z - [Messenger] Received message, length: 47
[NX v23.0.1 Daemon Server] - 2026-07-04T06:15:31.620Z - Streaming message to client: progress update for topic graph-construction
[NX v23.0.1 Daemon Client] - 2026-07-04T06:15:31.620Z - [Messenger] Received message, length: 47
[NX v23.0.1 Daemon Server] - 2026-07-04T06:15:31.620Z - Time taken for 'build-project-configs' 616.0150000000001ms
[NX v23.0.1 Daemon Server] - 2026-07-04T06:15:31.620Z - Time taken for 'createNodes:merge' 3.08462499999996ms
[NX v23.0.1 Daemon Server] - 2026-07-04T06:15:31.620Z - Time taken for 'native-file-deps' 0.005957999999964159ms
[NX v23.0.1 Daemon Server] - 2026-07-04T06:15:31.620Z - Time taken for 'get-workspace-files' 0.3057499999999891ms
[NX v23.0.1 Daemon Server] - 2026-07-04T06:15:31.621Z - Time taken for 'read cache' 0.0809999999999036ms
Time taken for 'build typescript dependencies' 2.725167000000056ms
[isolated-plugin] shutting down worker for "nx/js/dependencies-and-lockfile" after createDependencies
[NX v23.0.1 Daemon Server] - 2026-07-04T06:15:31.628Z - Streaming message to client: progress update for topic graph-construction
[NX v23.0.1 Daemon Client] - 2026-07-04T06:15:31.628Z - [Messenger] Received message, length: 47
[NX v23.0.1 Daemon Server] - 2026-07-04T06:15:31.630Z - [SYNC]: collect registered sync generators
[NX v23.0.1 Daemon Server] - 2026-07-04T06:15:31.632Z - Wrote project graph cache to /Users/dnyaneshwargiri/Desktop/workspace/todo-monorepo-nx/.nx/workspace-data/project-graph.json
[NX v23.0.1 Daemon Server] - 2026-07-04T06:15:31.632Z - Serializing response for REQUEST_PROJECT_GRAPH message in json mode
[NX v23.0.1 Daemon Server] - 2026-07-04T06:15:31.632Z - Responding to REQUEST_PROJECT_GRAPH message
[NX v23.0.1 Daemon Server] - 2026-07-04T06:15:31.632Z - [REQUEST]: Responding to the client. project-graph
[NX v23.0.1 Daemon Server] - 2026-07-04T06:15:31.633Z - Time taken for 'total for creating and serializing project graph' 957.8341250000001ms
[NX v23.0.1 Daemon Server] - 2026-07-04T06:15:31.633Z - Time taken for 'total execution time for createProjectGraph()' 12.188084000000117ms
[NX v23.0.1 Daemon Server] - 2026-07-04T06:15:31.633Z - Time taken for 'createDependencies' 9.342291999999816ms
[NX v23.0.1 Daemon Server] - 2026-07-04T06:15:31.633Z - Time taken for 'nx/js/dependencies-and-lockfile:createDependencies' 9.068333999999822ms
[NX v23.0.1 Daemon Server] - 2026-07-04T06:15:31.633Z - Time taken for 'createMetadata' 0.015374999999949068ms
[NX v23.0.1 Daemon Server] - 2026-07-04T06:15:31.633Z - Time taken for 'serialize graph' 0.23187499999994543ms
[NX v23.0.1 Daemon Server] - 2026-07-04T06:15:31.633Z - Time taken for 'write cache' 1.2090830000001915ms
[NX v23.0.1 Daemon Server] - 2026-07-04T06:15:31.633Z - Done responding to the client project-graph
[NX v23.0.1 Daemon Server] - 2026-07-04T06:15:31.633Z - Handled json message REQUEST_PROJECT_GRAPH. Handling time: 958. Response time: 1.
[NX v23.0.1 Daemon Client] - 2026-07-04T06:15:31.633Z - [Messenger] Received message, length: 70728
[NX v23.0.1 Daemon Client] - 2026-07-04T06:15:31.636Z - [Messenger] Sending message type: PRE_TASKS_EXECUTION
[NX v23.0.1 Daemon Client] - 2026-07-04T06:15:31.636Z - [Messenger] Message sent
[NX v23.0.1 Daemon Server] - 2026-07-04T06:15:31.636Z - Received raw message of length 581
[NX v23.0.1 Daemon Server] - 2026-07-04T06:15:31.636Z - Received json message of type PRE_TASKS_EXECUTION
[NX v23.0.1 Daemon Server] - 2026-07-04T06:15:31.637Z - Serializing response for PRE_TASKS_EXECUTION message in json mode
[NX v23.0.1 Daemon Server] - 2026-07-04T06:15:31.637Z - Responding to PRE_TASKS_EXECUTION message
[NX v23.0.1 Daemon Server] - 2026-07-04T06:15:31.637Z - [REQUEST]: Responding to the client. handleRunPreTasksExecution
[NX v23.0.1 Daemon Server] - 2026-07-04T06:15:31.637Z - Done responding to the client handleRunPreTasksExecution
[NX v23.0.1 Daemon Server] - 2026-07-04T06:15:31.637Z - Handled json message PRE_TASKS_EXECUTION. Handling time: 1. Response time: 0.
[NX v23.0.1 Daemon Client] - 2026-07-04T06:15:31.637Z - [Messenger] Received message, length: 2
[NX v23.0.1 Daemon Server] - 2026-07-04T06:15:31.637Z - Time taken for 'preTasksExecution' 0.7512920000001486ms
[NX v23.0.1 Daemon Client] - 2026-07-04T06:15:32.112Z - [Messenger] Sending message type: HASH_TASKS
[NX v23.0.1 Daemon Client] - 2026-07-04T06:15:32.112Z - [Messenger] Message sent
[NX v23.0.1 Daemon Server] - 2026-07-04T06:15:32.112Z - Received raw message of length 533
[NX v23.0.1 Daemon Server] - 2026-07-04T06:15:32.112Z - Received json message of type HASH_TASKS
DEBUG nx::native::watch::watcher: force-flush END count=0 replies=1 elapsed=11.234ms
[NX v23.0.1 Daemon Server] - 2026-07-04T06:15:32.124Z - Reusing in-memory cached project graph because no files changed.
DEBUG nx::native::tasks::hash_planner: get_plans_internal COMPLETED in 138.334µs - processed 0 tasks (setup: 135.542µs, parallel_planning: 1.208µs)
DEBUG nx::native::tasks::task_hasher: hash_plans COMPLETED in 143.375µs - processed 0 plans (setup: 49.708µs, hashing: 92.666µs, assembly: 959ns)
[NX v23.0.1 Daemon Server] - 2026-07-04T06:15:32.125Z - Serializing response for HASH_TASKS message in json mode
[NX v23.0.1 Daemon Server] - 2026-07-04T06:15:32.125Z - Responding to HASH_TASKS message
[NX v23.0.1 Daemon Server] - 2026-07-04T06:15:32.125Z - [REQUEST]: Responding to the client. handleHashTasks
[NX v23.0.1 Daemon Server] - 2026-07-04T06:15:32.126Z - Done responding to the client handleHashTasks
[NX v23.0.1 Daemon Server] - 2026-07-04T06:15:32.126Z - Handled json message HASH_TASKS. Handling time: 13. Response time: 1.
[NX v23.0.1 Daemon Client] - 2026-07-04T06:15:32.126Z - [Messenger] Received message, length: 2
[NX v23.0.1 Daemon Client] - 2026-07-04T06:15:32.177Z - [Messenger] Sending message type: GET_ESTIMATED_TASK_TIMINGS
[NX v23.0.1 Daemon Client] - 2026-07-04T06:15:32.177Z - [Messenger] Message sent
[NX v23.0.1 Daemon Server] - 2026-07-04T06:15:32.177Z - Received raw message of length 50
[NX v23.0.1 Daemon Server] - 2026-07-04T06:15:32.177Z - Received json message of type GET_ESTIMATED_TASK_TIMINGS
[NX v23.0.1 Daemon Server] - 2026-07-04T06:15:32.179Z - Serializing response for GET_ESTIMATED_TASK_TIMINGS message in json mode
[NX v23.0.1 Daemon Server] - 2026-07-04T06:15:32.179Z - Responding to GET_ESTIMATED_TASK_TIMINGS message
[NX v23.0.1 Daemon Server] - 2026-07-04T06:15:32.179Z - [REQUEST]: Responding to the client. handleGetEstimatedTaskTimings
[NX v23.0.1 Daemon Server] - 2026-07-04T06:15:32.179Z - Done responding to the client handleGetEstimatedTaskTimings
[NX v23.0.1 Daemon Server] - 2026-07-04T06:15:32.179Z - Handled json message GET_ESTIMATED_TASK_TIMINGS. Handling time: 2. Response time: 0.
[NX v23.0.1 Daemon Client] - 2026-07-04T06:15:32.179Z - [Messenger] Received message, length: 2
[NX v23.0.1 Daemon Client] - 2026-07-04T06:15:32.181Z - [Messenger] Sending message type: RECORD_TASK_RUNS
[NX v23.0.1 Daemon Client] - 2026-07-04T06:15:32.181Z - [Messenger] Message sent
[NX v23.0.1 Daemon Server] - 2026-07-04T06:15:32.181Z - Received raw message of length 41
[NX v23.0.1 Daemon Server] - 2026-07-04T06:15:32.181Z - Received json message of type RECORD_TASK_RUNS
[NX v23.0.1 Daemon Server] - 2026-07-04T06:15:32.182Z - Serializing response for RECORD_TASK_RUNS message in json mode
[NX v23.0.1 Daemon Server] - 2026-07-04T06:15:32.182Z - Responding to RECORD_TASK_RUNS message
[NX v23.0.1 Daemon Server] - 2026-07-04T06:15:32.182Z - [REQUEST]: Responding to the client. handleRecordTaskRuns
[NX v23.0.1 Daemon Server] - 2026-07-04T06:15:32.182Z - Done responding to the client handleRecordTaskRuns
[NX v23.0.1 Daemon Server] - 2026-07-04T06:15:32.182Z - Handled json message RECORD_TASK_RUNS. Handling time: 1. Response time: 0.
[NX v23.0.1 Daemon Client] - 2026-07-04T06:15:32.182Z - [Messenger] Received message, length: 4
[NX v23.0.1 Daemon Server] - 2026-07-04T06:15:32.189Z - Established a connection. Number of open connections: 2
[NX v23.0.1 Daemon Client] - 2026-07-04T06:15:32.189Z - [Messenger] Sending message type: GET_CONFIGURE_AI_AGENTS_STATUS
[NX v23.0.1 Daemon Server] - 2026-07-04T06:15:32.190Z - Closed a connection. Number of open connections: 1
[NX v23.0.1 Daemon Client] - 2026-07-04T06:15:32.190Z - [Messenger] Message sent
[NX v23.0.1 Daemon Server] - 2026-07-04T06:15:32.190Z - Received raw message of length 41
[NX v23.0.1 Daemon Server] - 2026-07-04T06:15:32.190Z - Received json message of type GET_CONFIGURE_AI_AGENTS_STATUS
[NX v23.0.1 Daemon Server] - 2026-07-04T06:15:32.190Z - Serializing response for GET_CONFIGURE_AI_AGENTS_STATUS message in json mode
[NX v23.0.1 Daemon Server] - 2026-07-04T06:15:32.190Z - Responding to GET_CONFIGURE_AI_AGENTS_STATUS message
[NX v23.0.1 Daemon Server] - 2026-07-04T06:15:32.190Z - [REQUEST]: Responding to the client. handleGetConfigureAiAgentsStatus
[NX v23.0.1 Daemon Server] - 2026-07-04T06:15:32.190Z - Done responding to the client handleGetConfigureAiAgentsStatus
[NX v23.0.1 Daemon Server] - 2026-07-04T06:15:32.190Z - Handled json message GET_CONFIGURE_AI_AGENTS_STATUS. Handling time: 0. Response time: 0.
[NX v23.0.1 Daemon Client] - 2026-07-04T06:15:32.190Z - [Messenger] Received message, length: 104
[NX v23.0.1 Daemon Client] - 2026-07-04T06:15:32.190Z - [Messenger] Sending message type: POST_TASKS_EXECUTION
[NX v23.0.1 Daemon Server] - 2026-07-04T06:15:32.190Z - Received raw message of length 649
[NX v23.0.1 Daemon Client] - 2026-07-04T06:15:32.190Z - [Messenger] Message sent
[NX v23.0.1 Daemon Server] - 2026-07-04T06:15:32.190Z - Received json message of type POST_TASKS_EXECUTION
[NX v23.0.1 Daemon Server] - 2026-07-04T06:15:32.191Z - Serializing response for POST_TASKS_EXECUTION message in json mode
[NX v23.0.1 Daemon Server] - 2026-07-04T06:15:32.191Z - Responding to POST_TASKS_EXECUTION message
[NX v23.0.1 Daemon Server] - 2026-07-04T06:15:32.191Z - [REQUEST]: Responding to the client. handleRunPostTasksExecution
[NX v23.0.1 Daemon Server] - 2026-07-04T06:15:32.191Z - Done responding to the client handleRunPostTasksExecution
[NX v23.0.1 Daemon Server] - 2026-07-04T06:15:32.191Z - Handled json message POST_TASKS_EXECUTION. Handling time: 1. Response time: 0.
[NX v23.0.1 Daemon Client] - 2026-07-04T06:15:32.191Z - [Messenger] Received message, length: 4
[NX v23.0.1 Daemon Server] - 2026-07-04T06:15:32.191Z - Time taken for 'postTasksExecution' 0.16145800000003874ms
[NX v23.0.1 Daemon Server] - 2026-07-04T06:15:32.310Z - Closed a connection. Number of open connections: 0
Fetching nx...
[NX v23.0.1 Daemon Server] - 2026-07-04T06:15:37.713Z - [LATEST-NX]: Successfully pulled latest Nx to /private/tmp/tmp-14747-5BKpLZq57Rjq
[NX v23.0.1 Daemon Server] - 2026-07-04T06:15:37.715Z - [NX-CONSOLE]: Using local implementation (NX_USE_LOCAL=true or inner call)
DEBUG nx::native::ide::install: Detected editor: VSCode
DEBUG nx::native::ide::install: Checking if Nx Console extension is installed with: code --list-extensions
DEBUG nx::native::ide::install: Editor command 'code' is installed
DEBUG nx::native::ide::install: Editor command 'code-insiders' not found
DEBUG nx::native::ide::install: Checking if Nx Console extension is installed with: code --list-extensions
DEBUG nx::native::ide::install: Nx Console extension is not installed
[NX v23.0.1 Daemon Server] - 2026-07-04T06:15:38.220Z - [NX-CONSOLE]: Console status check completed, shouldPrompt: true
DEBUG nx::native::ide::install: Nx Console extension is not installed
DEBUG nx::native::ide::install: Editor command 'cursor' not found
DEBUG nx::native::ide::install: Checking if Nx Console extension is installed with: cursor --list-extensions
DEBUG nx::native::ide::install: Command 'cursor' not found, cannot check extension status
[NX v23.0.1 Daemon Server] - 2026-07-04T06:15:38.413Z - [AI-AGENTS]: Agent configuration status computation completed: 0 fully configured, 0 outdated, 0 partially configured, 5 non-configured
[NX v23.0.1 Daemon Server] - 2026-07-04T06:16:13.032Z - Established a connection. Number of open connections: 1
[NX v23.0.1 Daemon Server] - 2026-07-04T06:16:13.033Z - Closed a connection. Number of open connections: 0
[NX v23.0.1 Daemon Server] - 2026-07-04T06:16:13.034Z - Established a connection. Number of open connections: 1
[NX v23.0.1 Daemon Server] - 2026-07-04T06:16:13.036Z - Closed a connection. Number of open connections: 0
[NX v23.0.1 Daemon Server] - 2026-07-04T06:16:13.037Z - Established a connection. Number of open connections: 1
[NX v23.0.1 Daemon Client] - 2026-07-04T06:16:13.037Z - [Messenger] Setting up socket listeners
[NX v23.0.1 Daemon Client] - 2026-07-04T06:16:13.038Z - [Messenger] listen() complete
[NX v23.0.1 Daemon Client] - 2026-07-04T06:16:13.050Z - [Messenger] Sending message type: GET_NX_CONSOLE_STATUS
[NX v23.0.1 Daemon Client] - 2026-07-04T06:16:13.050Z - [Messenger] Message sent
[NX v23.0.1 Daemon Server] - 2026-07-04T06:16:13.051Z - Received raw message of length 3656
[NX v23.0.1 Daemon Server] - 2026-07-04T06:16:13.052Z - Received json message of type GET_NX_CONSOLE_STATUS
[NX v23.0.1 Daemon Server] - 2026-07-04T06:16:13.052Z - Graph recompute necessary due to env variable refresh. Changed keys: COPILOT_DEBUG_NONCE
[NX v23.0.1 Daemon Server] - 2026-07-04T06:16:13.052Z - Serializing response for GET_NX_CONSOLE_STATUS message in json mode
[NX v23.0.1 Daemon Server] - 2026-07-04T06:16:13.052Z - Responding to GET_NX_CONSOLE_STATUS message
[NX v23.0.1 Daemon Server] - 2026-07-04T06:16:13.052Z - [REQUEST]: Responding to the client. handleGetNxConsoleStatus
[NX v23.0.1 Daemon Server] - 2026-07-04T06:16:13.052Z - Done responding to the client handleGetNxConsoleStatus
[NX v23.0.1 Daemon Server] - 2026-07-04T06:16:13.052Z - Handled json message GET_NX_CONSOLE_STATUS. Handling time: 0. Response time: 0.
[NX v23.0.1 Daemon Client] - 2026-07-04T06:16:13.052Z - [Messenger] Received message, length: 21
[NX v23.0.1 Daemon Client] - 2026-07-04T06:16:22.339Z - [Messenger] Sending message type: SET_NX_CONSOLE_PREFERENCE_AND_INSTALL
[NX v23.0.1 Daemon Client] - 2026-07-04T06:16:22.340Z - [Messenger] Message sent
[NX v23.0.1 Daemon Server] - 2026-07-04T06:16:22.340Z - Received raw message of length 67
[NX v23.0.1 Daemon Server] - 2026-07-04T06:16:22.340Z - Received json message of type SET_NX_CONSOLE_PREFERENCE_AND_INSTALL
[NX v23.0.1 Daemon Server] - 2026-07-04T06:16:22.340Z - [NX-CONSOLE]: Handling user preference: false
[NX v23.0.1 Daemon Server] - 2026-07-04T06:16:22.340Z - [LATEST-NX]: Reusing cached Nx installation from /private/tmp/tmp-14747-5BKpLZq57Rjq
[NX v23.0.1 Daemon Server] - 2026-07-04T06:16:22.341Z - [NX-CONSOLE]: Handling user preference: false
[NX v23.0.1 Daemon Server] - 2026-07-04T06:16:22.341Z - [NX-CONSOLE]: Using local implementation (NX_USE_LOCAL=true or inner call)
DEBUG nx::native::ide::preferences: Console preferences saved successfully.
[NX v23.0.1 Daemon Server] - 2026-07-04T06:16:22.343Z - [NX-CONSOLE]: Preference saved and installation skipped/failed
[NX v23.0.1 Daemon Server] - 2026-07-04T06:16:22.343Z - Serializing response for SET_NX_CONSOLE_PREFERENCE_AND_INSTALL message in json mode
[NX v23.0.1 Daemon Server] - 2026-07-04T06:16:22.343Z - Responding to SET_NX_CONSOLE_PREFERENCE_AND_INSTALL message
[NX v23.0.1 Daemon Server] - 2026-07-04T06:16:22.343Z - [REQUEST]: Responding to the client. handleSetNxConsolePreferenceAndInstall
[NX v23.0.1 Daemon Server] - 2026-07-04T06:16:22.343Z - Done responding to the client handleSetNxConsolePreferenceAndInstall
[NX v23.0.1 Daemon Client] - 2026-07-04T06:16:22.344Z - [Messenger] Received message, length: 19
[NX v23.0.1 Daemon Server] - 2026-07-04T06:16:22.344Z - Handled json message SET_NX_CONSOLE_PREFERENCE_AND_INSTALL. Handling time: 3. Response time: 1.
[NX v23.0.1 Daemon Client] - 2026-07-04T06:16:22.439Z - [Messenger] Sending message type: REQUEST_PROJECT_GRAPH
[NX v23.0.1 Daemon Client] - 2026-07-04T06:16:22.439Z - [Messenger] Message sent
[NX v23.0.1 Daemon Server] - 2026-07-04T06:16:22.439Z - Received raw message of length 32
[NX v23.0.1 Daemon Server] - 2026-07-04T06:16:22.439Z - Received json message of type REQUEST_PROJECT_GRAPH
[NX v23.0.1 Daemon Server] - 2026-07-04T06:16:22.439Z - [REQUEST]: Client Request for Project Graph Received
DEBUG nx::native::watch::watcher: force-flush END count=0 replies=1 elapsed=11.1885ms
[NX v23.0.1 Daemon Server] - 2026-07-04T06:16:22.451Z - No in-memory cached project graph found. Recomputing it...
[NX v23.0.1 Daemon Server] - 2026-07-04T06:16:22.451Z - [REQUEST]: Updated workspace context based on watched changes, recomputing project graph...
[NX v23.0.1 Daemon Server] - 2026-07-04T06:16:22.451Z - [REQUEST]: 
[NX v23.0.1 Daemon Server] - 2026-07-04T06:16:22.451Z - [REQUEST]: 
[NX v23.0.1 Daemon Server] - 2026-07-04T06:16:22.451Z - Streaming message to client: progress update for topic graph-construction
[plugin-client] restarting worker for "nx/js/dependencies-and-lockfile"
[NX v23.0.1 Daemon Client] - 2026-07-04T06:16:22.452Z - [Messenger] Received message, length: 47
[isolated-plugin] spawned worker for "nx/js/dependencies-and-lockfile" (pid: 15625, socket: /private/tmp/plugin14747-3-52719.00525.sock)
[plugin-client] restarting worker for "nx/core/package-json"
[isolated-plugin] spawned worker for "nx/core/package-json" (pid: 15626, socket: /private/tmp/plugin14747-4-52720.221458.sock)
[plugin-client] restarting worker for "nx/core/project-json"
[isolated-plugin] spawned worker for "nx/core/project-json" (pid: 15627, socket: /private/tmp/plugin14747-5-52720.832333.sock)
[NX v23.0.1 Daemon Server] - 2026-07-04T06:16:22.455Z - Time taken for 'hash changed files from watcher' 0.026624999998603016ms
[plugin-worker] "nx/core/package-json" (pid: 15626) listening on /private/tmp/plugin14747-4-52720.221458.sock
[plugin-worker] "nx/core/project-json" (pid: 15627) listening on /private/tmp/plugin14747-5-52720.832333.sock
[plugin-worker] "nx/js/dependencies-and-lockfile" (pid: 15625) listening on /private/tmp/plugin14747-3-52719.00525.sock
Time taken for 'plugin worker 15627 code loading' 106.65537499999999ms
Time taken for 'plugin worker 15626 code loading' 105.00637499999999ms
Time taken for 'plugin worker 15625 code loading' 105.64708300000001ms
[isolated-plugin] connected to worker for "nx/js/dependencies-and-lockfile" (pid: 15625)
[isolated-plugin] connected to worker for "nx/core/package-json" (pid: 15626)
[isolated-plugin] connected to worker for "nx/core/project-json" (pid: 15627)
[NX v23.0.1 Daemon Server] - 2026-07-04T06:16:22.649Z - Time taken for 'start-plugin-worker:nx/js/dependencies-and-lockfile' 196.78795900000114ms
[NX v23.0.1 Daemon Server] - 2026-07-04T06:16:22.649Z - Time taken for 'start-plugin-worker:nx/core/package-json' 195.8558750000011ms
[NX v23.0.1 Daemon Server] - 2026-07-04T06:16:22.649Z - Time taken for 'start-plugin-worker:nx/core/project-json' 195.5830419999984ms
[plugin-worker] "nx/js/dependencies-and-lockfile" (pid: 15625) connected
[plugin-worker] "nx/core/package-json" (pid: 15626) connected
[plugin-worker] "nx/core/project-json" (pid: 15627) connected
[plugin-worker] "nx/core/project-json" (pid: 15627) loaded successfully
[plugin-worker] "nx/core/package-json" (pid: 15626) loaded successfully
[isolated-plugin] shutting down worker for "nx/core/project-json" after createNodes
[NX v23.0.1 Daemon Server] - 2026-07-04T06:16:22.737Z - Streaming message to client: progress update for topic graph-construction
[NX v23.0.1 Daemon Client] - 2026-07-04T06:16:22.738Z - [Messenger] Received message, length: 153
[plugin-worker] "nx/js/dependencies-and-lockfile" (pid: 15625) loaded successfully
Time taken for 'nx/js/dependencies-and-lockfile:createNodes' 2.8370829999999785ms
[NX v23.0.1 Daemon Server] - 2026-07-04T06:16:22.753Z - Streaming message to client: progress update for topic graph-construction
[NX v23.0.1 Daemon Client] - 2026-07-04T06:16:22.753Z - [Messenger] Received message, length: 101
[isolated-plugin] shutting down worker for "nx/core/package-json" after createNodes
[NX v23.0.1 Daemon Server] - 2026-07-04T06:16:23.337Z - Streaming message to client: progress update for topic graph-construction
[NX v23.0.1 Daemon Client] - 2026-07-04T06:16:23.337Z - [Messenger] Received message, length: 47
[NX v23.0.1 Daemon Server] - 2026-07-04T06:16:23.339Z - Streaming message to client: progress update for topic graph-construction
[NX v23.0.1 Daemon Client] - 2026-07-04T06:16:23.339Z - [Messenger] Received message, length: 47
[NX v23.0.1 Daemon Server] - 2026-07-04T06:16:23.339Z - Time taken for 'build-project-configs' 886.3448750000025ms
[NX v23.0.1 Daemon Server] - 2026-07-04T06:16:23.339Z - Time taken for 'createNodes:merge' 0.698499999998603ms
Time taken for 'build typescript dependencies' 0.11062500000002728ms
[isolated-plugin] shutting down worker for "nx/js/dependencies-and-lockfile" after createDependencies
[NX v23.0.1 Daemon Server] - 2026-07-04T06:16:23.343Z - Streaming message to client: progress update for topic graph-construction
[NX v23.0.1 Daemon Client] - 2026-07-04T06:16:23.343Z - [Messenger] Received message, length: 47
[NX v23.0.1 Daemon Server] - 2026-07-04T06:16:23.344Z - [SYNC]: collect registered sync generators
[NX v23.0.1 Daemon Server] - 2026-07-04T06:16:23.344Z - [SYNC]: project graph hash is the same, not collecting task sync generators
[NX v23.0.1 Daemon Server] - 2026-07-04T06:16:23.344Z - [SYNC]: nx.json hash is the same, not collecting global sync generators
[NX v23.0.1 Daemon Server] - 2026-07-04T06:16:23.346Z - Wrote project graph cache to /Users/dnyaneshwargiri/Desktop/workspace/todo-monorepo-nx/.nx/workspace-data/project-graph.json
[NX v23.0.1 Daemon Server] - 2026-07-04T06:16:23.346Z - Serializing response for REQUEST_PROJECT_GRAPH message in json mode
[NX v23.0.1 Daemon Server] - 2026-07-04T06:16:23.346Z - Responding to REQUEST_PROJECT_GRAPH message
[NX v23.0.1 Daemon Server] - 2026-07-04T06:16:23.346Z - [REQUEST]: Responding to the client. project-graph
[NX v23.0.1 Daemon Server] - 2026-07-04T06:16:23.346Z - Time taken for 'total for creating and serializing project graph' 906.5288750000036ms
[NX v23.0.1 Daemon Server] - 2026-07-04T06:16:23.346Z - Time taken for 'total execution time for createProjectGraph()' 5.494958000002953ms
[NX v23.0.1 Daemon Server] - 2026-07-04T06:16:23.346Z - Time taken for 'createDependencies' 4.343000000000757ms
[NX v23.0.1 Daemon Server] - 2026-07-04T06:16:23.346Z - Time taken for 'nx/js/dependencies-and-lockfile:createDependencies' 4.207250000006752ms
[NX v23.0.1 Daemon Server] - 2026-07-04T06:16:23.346Z - Time taken for 'createMetadata' 0.00849999999627471ms
[NX v23.0.1 Daemon Server] - 2026-07-04T06:16:23.346Z - Time taken for 'serialize graph' 0.2278749999968568ms
[NX v23.0.1 Daemon Server] - 2026-07-04T06:16:23.346Z - Time taken for 'write cache' 1.529167000000598ms
[NX v23.0.1 Daemon Server] - 2026-07-04T06:16:23.346Z - Done responding to the client project-graph
[NX v23.0.1 Daemon Server] - 2026-07-04T06:16:23.347Z - Handled json message REQUEST_PROJECT_GRAPH. Handling time: 907. Response time: 1.
[NX v23.0.1 Daemon Client] - 2026-07-04T06:16:23.347Z - [Messenger] Received message, length: 70728
[NX v23.0.1 Daemon Client] - 2026-07-04T06:16:23.349Z - [Messenger] Sending message type: PRE_TASKS_EXECUTION
[NX v23.0.1 Daemon Server] - 2026-07-04T06:16:23.349Z - Received raw message of length 581
[NX v23.0.1 Daemon Client] - 2026-07-04T06:16:23.349Z - [Messenger] Message sent
[NX v23.0.1 Daemon Server] - 2026-07-04T06:16:23.349Z - Received json message of type PRE_TASKS_EXECUTION
[NX v23.0.1 Daemon Server] - 2026-07-04T06:16:23.349Z - Serializing response for PRE_TASKS_EXECUTION message in json mode
[NX v23.0.1 Daemon Server] - 2026-07-04T06:16:23.349Z - Responding to PRE_TASKS_EXECUTION message
[NX v23.0.1 Daemon Server] - 2026-07-04T06:16:23.349Z - [REQUEST]: Responding to the client. handleRunPreTasksExecution
[NX v23.0.1 Daemon Server] - 2026-07-04T06:16:23.349Z - Done responding to the client handleRunPreTasksExecution
[NX v23.0.1 Daemon Server] - 2026-07-04T06:16:23.349Z - Handled json message PRE_TASKS_EXECUTION. Handling time: 0. Response time: 0.
[NX v23.0.1 Daemon Client] - 2026-07-04T06:16:23.349Z - [Messenger] Received message, length: 2
[NX v23.0.1 Daemon Server] - 2026-07-04T06:16:23.349Z - Time taken for 'preTasksExecution' 0.1617919999989681ms
[NX v23.0.1 Daemon Client] - 2026-07-04T06:16:23.830Z - [Messenger] Sending message type: HASH_TASKS
[NX v23.0.1 Daemon Client] - 2026-07-04T06:16:23.830Z - [Messenger] Message sent
[NX v23.0.1 Daemon Server] - 2026-07-04T06:16:23.830Z - Received raw message of length 533
[NX v23.0.1 Daemon Server] - 2026-07-04T06:16:23.830Z - Received json message of type HASH_TASKS
DEBUG nx::native::watch::watcher: force-flush END count=0 replies=1 elapsed=11.217291ms
[NX v23.0.1 Daemon Server] - 2026-07-04T06:16:23.842Z - Reusing in-memory cached project graph because no files changed.
DEBUG nx::native::tasks::hash_planner: get_plans_internal COMPLETED in 105.916µs - processed 0 tasks (setup: 103.125µs, parallel_planning: 1.542µs)
DEBUG nx::native::tasks::task_hasher: hash_plans COMPLETED in 90.625µs - processed 0 plans (setup: 34.417µs, hashing: 55µs, assembly: 1.125µs)
[NX v23.0.1 Daemon Server] - 2026-07-04T06:16:23.843Z - Serializing response for HASH_TASKS message in json mode
[NX v23.0.1 Daemon Server] - 2026-07-04T06:16:23.843Z - Responding to HASH_TASKS message
[NX v23.0.1 Daemon Server] - 2026-07-04T06:16:23.843Z - [REQUEST]: Responding to the client. handleHashTasks
[NX v23.0.1 Daemon Server] - 2026-07-04T06:16:23.843Z - Done responding to the client handleHashTasks
[NX v23.0.1 Daemon Server] - 2026-07-04T06:16:23.843Z - Handled json message HASH_TASKS. Handling time: 13. Response time: 0.
[NX v23.0.1 Daemon Client] - 2026-07-04T06:16:23.843Z - [Messenger] Received message, length: 2
[NX v23.0.1 Daemon Client] - 2026-07-04T06:16:23.889Z - [Messenger] Sending message type: GET_ESTIMATED_TASK_TIMINGS
[NX v23.0.1 Daemon Client] - 2026-07-04T06:16:23.889Z - [Messenger] Message sent
[NX v23.0.1 Daemon Server] - 2026-07-04T06:16:23.889Z - Received raw message of length 50
[NX v23.0.1 Daemon Server] - 2026-07-04T06:16:23.889Z - Received json message of type GET_ESTIMATED_TASK_TIMINGS
[NX v23.0.1 Daemon Server] - 2026-07-04T06:16:23.889Z - Serializing response for GET_ESTIMATED_TASK_TIMINGS message in json mode
[NX v23.0.1 Daemon Server] - 2026-07-04T06:16:23.889Z - Responding to GET_ESTIMATED_TASK_TIMINGS message
[NX v23.0.1 Daemon Server] - 2026-07-04T06:16:23.890Z - [REQUEST]: Responding to the client. handleGetEstimatedTaskTimings
[NX v23.0.1 Daemon Server] - 2026-07-04T06:16:23.890Z - Done responding to the client handleGetEstimatedTaskTimings
[NX v23.0.1 Daemon Server] - 2026-07-04T06:16:23.890Z - Handled json message GET_ESTIMATED_TASK_TIMINGS. Handling time: 0. Response time: 1.
[NX v23.0.1 Daemon Client] - 2026-07-04T06:16:23.890Z - [Messenger] Received message, length: 2
[NX v23.0.1 Daemon Client] - 2026-07-04T06:16:23.892Z - [Messenger] Sending message type: RECORD_TASK_RUNS
[NX v23.0.1 Daemon Client] - 2026-07-04T06:16:23.892Z - [Messenger] Message sent
[NX v23.0.1 Daemon Server] - 2026-07-04T06:16:23.892Z - Received raw message of length 41
[NX v23.0.1 Daemon Server] - 2026-07-04T06:16:23.892Z - Received json message of type RECORD_TASK_RUNS
[NX v23.0.1 Daemon Server] - 2026-07-04T06:16:23.892Z - Serializing response for RECORD_TASK_RUNS message in json mode
[NX v23.0.1 Daemon Server] - 2026-07-04T06:16:23.892Z - Responding to RECORD_TASK_RUNS message
[NX v23.0.1 Daemon Server] - 2026-07-04T06:16:23.892Z - [REQUEST]: Responding to the client. handleRecordTaskRuns
[NX v23.0.1 Daemon Server] - 2026-07-04T06:16:23.892Z - Done responding to the client handleRecordTaskRuns
[NX v23.0.1 Daemon Server] - 2026-07-04T06:16:23.892Z - Handled json message RECORD_TASK_RUNS. Handling time: 0. Response time: 0.
[NX v23.0.1 Daemon Client] - 2026-07-04T06:16:23.892Z - [Messenger] Received message, length: 4
[NX v23.0.1 Daemon Server] - 2026-07-04T06:16:23.899Z - Established a connection. Number of open connections: 2
[NX v23.0.1 Daemon Client] - 2026-07-04T06:16:23.899Z - [Messenger] Sending message type: GET_CONFIGURE_AI_AGENTS_STATUS
[NX v23.0.1 Daemon Server] - 2026-07-04T06:16:23.899Z - Closed a connection. Number of open connections: 1
[NX v23.0.1 Daemon Client] - 2026-07-04T06:16:23.899Z - [Messenger] Message sent
[NX v23.0.1 Daemon Server] - 2026-07-04T06:16:23.899Z - Received raw message of length 41
[NX v23.0.1 Daemon Server] - 2026-07-04T06:16:23.899Z - Received json message of type GET_CONFIGURE_AI_AGENTS_STATUS
[NX v23.0.1 Daemon Server] - 2026-07-04T06:16:23.899Z - [AI-AGENTS]: Returning cached agent configuration status
[NX v23.0.1 Daemon Server] - 2026-07-04T06:16:23.900Z - Serializing response for GET_CONFIGURE_AI_AGENTS_STATUS message in json mode
[NX v23.0.1 Daemon Server] - 2026-07-04T06:16:23.900Z - Responding to GET_CONFIGURE_AI_AGENTS_STATUS message
[NX v23.0.1 Daemon Server] - 2026-07-04T06:16:23.900Z - [REQUEST]: Responding to the client. handleGetConfigureAiAgentsStatus
[NX v23.0.1 Daemon Server] - 2026-07-04T06:16:23.900Z - Done responding to the client handleGetConfigureAiAgentsStatus
[NX v23.0.1 Daemon Server] - 2026-07-04T06:16:23.900Z - Handled json message GET_CONFIGURE_AI_AGENTS_STATUS. Handling time: 1. Response time: 0.
[NX v23.0.1 Daemon Client] - 2026-07-04T06:16:23.900Z - [Messenger] Received message, length: 342
[NX v23.0.1 Daemon Client] - 2026-07-04T06:16:23.900Z - [Messenger] Sending message type: POST_TASKS_EXECUTION
[NX v23.0.1 Daemon Client] - 2026-07-04T06:16:23.900Z - [Messenger] Message sent
[NX v23.0.1 Daemon Server] - 2026-07-04T06:16:23.900Z - Received raw message of length 649
[NX v23.0.1 Daemon Server] - 2026-07-04T06:16:23.900Z - Received json message of type POST_TASKS_EXECUTION
[NX v23.0.1 Daemon Server] - 2026-07-04T06:16:23.900Z - Serializing response for POST_TASKS_EXECUTION message in json mode
[NX v23.0.1 Daemon Server] - 2026-07-04T06:16:23.901Z - Responding to POST_TASKS_EXECUTION message
[NX v23.0.1 Daemon Server] - 2026-07-04T06:16:23.901Z - [REQUEST]: Responding to the client. handleRunPostTasksExecution
[NX v23.0.1 Daemon Server] - 2026-07-04T06:16:23.901Z - Done responding to the client handleRunPostTasksExecution
[NX v23.0.1 Daemon Server] - 2026-07-04T06:16:23.901Z - Handled json message POST_TASKS_EXECUTION. Handling time: 0. Response time: 1.
[NX v23.0.1 Daemon Client] - 2026-07-04T06:16:23.901Z - [Messenger] Received message, length: 4
[NX v23.0.1 Daemon Server] - 2026-07-04T06:16:23.901Z - Time taken for 'postTasksExecution' 0.18566699999792036ms
[NX v23.0.1 Daemon Server] - 2026-07-04T06:16:23.906Z - Closed a connection. Number of open connections: 0
DEBUG nx::native::watch::watcher: idle-window emitting events count=1
DEBUG nx::native::watch::watcher: idle-window emitting events count=1
DEBUG nx::native::watch::watcher:   [update] readme.md
DEBUG nx::native::watch::watcher:   [update] readme.md
[NX v23.0.1 Daemon Server] - 2026-07-04T06:22:21.148Z - [WATCHER]: readme.md was modified
[NX v23.0.1 Daemon Server] - 2026-07-04T06:22:21.148Z - [WATCHER]: [watcher] routeWorkspaceChanges batch: 1 events: update:readme.md
[NX v23.0.1 Daemon Server] - 2026-07-04T06:22:21.149Z - [WATCHER]: File changes detected:
Created:
(none)
Updated:
  - readme.md
Deleted:
(none)
[NX v23.0.1 Daemon Server] - 2026-07-04T06:22:21.149Z - [SYNC]: clearing sync generators cache due to file changes
[NX v23.0.1 Daemon Server] - 2026-07-04T06:22:21.153Z - [REQUEST]: Updated workspace context based on watched changes, recomputing project graph...
[NX v23.0.1 Daemon Server] - 2026-07-04T06:22:21.153Z - [REQUEST]: readme.md
[NX v23.0.1 Daemon Server] - 2026-07-04T06:22:21.153Z - [REQUEST]: 
[plugin-client] restarting worker for "nx/js/dependencies-and-lockfile"
[isolated-plugin] spawned worker for "nx/js/dependencies-and-lockfile" (pid: 17025, socket: /private/tmp/plugin14747-6-411444.747625.sock)
[plugin-client] restarting worker for "nx/core/package-json"
[isolated-plugin] spawned worker for "nx/core/package-json" (pid: 17026, socket: /private/tmp/plugin14747-7-411446.861375.sock)
[plugin-client] restarting worker for "nx/core/project-json"
[isolated-plugin] spawned worker for "nx/core/project-json" (pid: 17027, socket: /private/tmp/plugin14747-8-411447.543083.sock)
[NX v23.0.1 Daemon Server] - 2026-07-04T06:22:21.159Z - [WATCHER]: Processing file changes in outputs
[NX v23.0.1 Daemon Server] - 2026-07-04T06:22:21.159Z - Time taken for 'hash changed files from watcher' 2.472915999998804ms
[plugin-worker] "nx/js/dependencies-and-lockfile" (pid: 17025) listening on /private/tmp/plugin14747-6-411444.747625.sock
[plugin-worker] "nx/core/project-json" (pid: 17027) listening on /private/tmp/plugin14747-8-411447.543083.sock
[plugin-worker] "nx/core/package-json" (pid: 17026) listening on /private/tmp/plugin14747-7-411446.861375.sock
Time taken for 'plugin worker 17027 code loading' 155.34283299999998ms
Time taken for 'plugin worker 17025 code loading' 154.158875ms
Time taken for 'plugin worker 17026 code loading' 155.015167ms
[isolated-plugin] connected to worker for "nx/js/dependencies-and-lockfile" (pid: 17025)
[isolated-plugin] connected to worker for "nx/core/package-json" (pid: 17026)
[isolated-plugin] connected to worker for "nx/core/project-json" (pid: 17027)
[NX v23.0.1 Daemon Server] - 2026-07-04T06:22:21.413Z - Time taken for 'start-plugin-worker:nx/js/dependencies-and-lockfile' 256.4116669999785ms
[NX v23.0.1 Daemon Server] - 2026-07-04T06:22:21.413Z - Time taken for 'start-plugin-worker:nx/core/package-json' 254.7104999999865ms
[NX v23.0.1 Daemon Server] - 2026-07-04T06:22:21.413Z - Time taken for 'start-plugin-worker:nx/core/project-json' 254.21316599997226ms
[plugin-worker] "nx/js/dependencies-and-lockfile" (pid: 17025) connected
[plugin-worker] "nx/core/project-json" (pid: 17027) connected
[plugin-worker] "nx/core/package-json" (pid: 17026) connected
[plugin-worker] "nx/core/project-json" (pid: 17027) loaded successfully
[isolated-plugin] shutting down worker for "nx/core/project-json" after createNodes
[plugin-worker] "nx/core/package-json" (pid: 17026) loaded successfully
[plugin-worker] "nx/js/dependencies-and-lockfile" (pid: 17025) loaded successfully
Time taken for 'nx/js/dependencies-and-lockfile:createNodes' 2.318042000000048ms
[isolated-plugin] shutting down worker for "nx/core/package-json" after createNodes
[NX v23.0.1 Daemon Server] - 2026-07-04T06:22:22.138Z - Time taken for 'build-project-configs' 979.2975000000442ms
[NX v23.0.1 Daemon Server] - 2026-07-04T06:22:22.138Z - Time taken for 'createNodes:merge' 1.5601250000181608ms
Time taken for 'build typescript dependencies' 0.12254200000006676ms
[isolated-plugin] shutting down worker for "nx/js/dependencies-and-lockfile" after createDependencies
[NX v23.0.1 Daemon Server] - 2026-07-04T06:22:22.143Z - [SYNC]: collect registered sync generators
[NX v23.0.1 Daemon Server] - 2026-07-04T06:22:22.143Z - [SYNC]: project graph hash is the same, not collecting task sync generators
[NX v23.0.1 Daemon Server] - 2026-07-04T06:22:22.144Z - [SYNC]: nx.json hash is the same, not collecting global sync generators
[NX v23.0.1 Daemon Server] - 2026-07-04T06:22:22.147Z - Wrote project graph cache to /Users/dnyaneshwargiri/Desktop/workspace/todo-monorepo-nx/.nx/workspace-data/project-graph.json
[NX v23.0.1 Daemon Server] - 2026-07-04T06:22:22.147Z - Time taken for 'total execution time for createProjectGraph()' 7.05358399997931ms
[NX v23.0.1 Daemon Server] - 2026-07-04T06:22:22.147Z - Time taken for 'createDependencies' 4.913082999992184ms
[NX v23.0.1 Daemon Server] - 2026-07-04T06:22:22.147Z - Time taken for 'nx/js/dependencies-and-lockfile:createDependencies' 4.4242080000112765ms
[NX v23.0.1 Daemon Server] - 2026-07-04T06:22:22.147Z - Time taken for 'createMetadata' 0.020167000009678304ms
[NX v23.0.1 Daemon Server] - 2026-07-04T06:22:22.147Z - Time taken for 'serialize graph' 0.2246249999734573ms
[NX v23.0.1 Daemon Server] - 2026-07-04T06:22:22.147Z - Time taken for 'write cache' 3.419584000017494ms
